[2016-06-29 15:39:55] [Wrapper.py/INFO] Wrapper.py started - Version 0.7.6 (stable)
[2016-06-29 15:39:55] [Wrapper.py/INFO] Updated wrapper.properties file - check and edit configuration if needed and start again.
[2016-06-29 15:39:56] [Wrapper.py/ERROR] Disabling plugins...
[2016-06-29 15:41:38] [Wrapper.py/INFO] Wrapper.py started - Version 0.7.6 (stable)
[2016-06-29 15:41:38] [Wrapper.py/INFO] Loading plugins...
[2016-06-29 15:41:38] [Wrapper.py/INFO] Starting server...
[2016-06-29 15:41:46] [Wrapper.py/INFO] Server started
[2016-06-29 15:42:31] [Wrapper.py/INFO] Stopping Minecraft server with reason: Halting server...
[2016-06-29 15:42:33] [Wrapper.py/INFO] Server stopped
[2016-06-29 15:42:33] [Wrapper.py/ERROR] Disabling plugins...
[2016-06-29 15:42:54] [Wrapper.py/INFO] Wrapper.py started - Version 0.7.6 (stable)
[2016-06-29 15:42:54] [Wrapper.py/INFO] Loading plugins...
[2016-06-29 15:42:54] [Wrapper.py/INFO] Starting server...
[2016-06-29 15:43:00] [Wrapper.py/INFO] Server started
[2016-06-29 15:43:16] [Wrapper.py/INFO] Stopping Minecraft server with reason: Halting server...
[2016-06-29 15:43:17] [Wrapper.py/INFO] Server stopped
[2016-06-29 15:43:17] [Wrapper.py/ERROR] Disabling plugins...
[2016-06-29 15:47:56] [Wrapper.py/INFO] Wrapper.py started - Version 0.7.6 (stable)
[2016-06-29 15:47:56] [Wrapper.py/INFO] Loading plugins...
[2016-06-29 15:47:56] [Wrapper.py/INFO] Loading plugin SmallBrother.py...
[2016-06-29 15:47:56] [Wrapper.py/INFO] Loading plugin Essentials.py...
[2016-06-29 15:47:56] [Wrapper.py/INFO] Loading plugin bookmarks.py...
[2016-06-29 15:47:56] [Wrapper.py/INFO] Loading plugin WorldEdit.py...
[2016-06-29 15:47:56] [Wrapper.py/ERROR] Failed to import plugin 'WorldEdit.py'
[2016-06-29 15:47:56] [Wrapper.py/INFO] Starting server...
[2016-06-29 15:48:01] [Wrapper.py/INFO] Server started
[2016-06-29 15:53:12] [Wrapper.py/INFO] /reload - Reload plugins
[2016-06-29 15:53:12] [Wrapper.py/INFO] /plugins - Lists plugins
[2016-06-29 15:53:12] [Wrapper.py/INFO] /update-wrapper - Checks for new updates, and will install them automatically if one is available
[2016-06-29 15:53:12] [Wrapper.py/INFO] /start & /stop - Start and stop the server without auto-restarting respectively without shutting down Wrapper.py
[2016-06-29 15:53:12] [Wrapper.py/INFO] /restart - Restarts the server, obviously
[2016-06-29 15:53:12] [Wrapper.py/INFO] /halt - Shutdown Wrapper.py completely
[2016-06-29 15:53:12] [Wrapper.py/INFO] /freeze & /unfreeze - Temporarily locks the server up until /unfreeze is executed
[2016-06-29 15:53:12] [Wrapper.py/INFO] /mem - Get memory usage of the server
[2016-06-29 15:53:12] [Wrapper.py/INFO] /raw [command] - Send command to the Minecraft Server. Useful for Forge commands like `/fml confirm`.
[2016-06-29 15:53:12] [Wrapper.py/INFO] Wrapper.py Version 0.7.6 (stable)
[2016-06-29 15:53:22] [Wrapper.py/INFO] /reload - Reload plugins
[2016-06-29 15:53:22] [Wrapper.py/INFO] /plugins - Lists plugins
[2016-06-29 15:53:22] [Wrapper.py/INFO] /update-wrapper - Checks for new updates, and will install them automatically if one is available
[2016-06-29 15:53:22] [Wrapper.py/INFO] /start & /stop - Start and stop the server without auto-restarting respectively without shutting down Wrapper.py
[2016-06-29 15:53:22] [Wrapper.py/INFO] /restart - Restarts the server, obviously
[2016-06-29 15:53:22] [Wrapper.py/INFO] /halt - Shutdown Wrapper.py completely
[2016-06-29 15:53:22] [Wrapper.py/INFO] /freeze & /unfreeze - Temporarily locks the server up until /unfreeze is executed
[2016-06-29 15:53:22] [Wrapper.py/INFO] /mem - Get memory usage of the server
[2016-06-29 15:53:22] [Wrapper.py/INFO] /raw [command] - Send command to the Minecraft Server. Useful for Forge commands like `/fml confirm`.
[2016-06-29 15:53:22] [Wrapper.py/INFO] Wrapper.py Version 0.7.6 (stable)
[2016-06-29 15:53:34] [Wrapper.py/INFO] Server Memory Usage: 357367808 bytes
[2016-06-29 15:53:54] [Wrapper.py/INFO] List of Wrapper.py plugins installed:
[2016-06-29 15:53:54] [Wrapper.py/INFO] Bookmarks v0.1 - Bookmark commands
[2016-06-29 15:53:54] [Wrapper.py/INFO] SmallBrother v0.1 - SmallBrother is a lightweight logging plugin for Wrapper.py!
[2016-06-29 15:54:23] [Wrapper.py/INFO] Stopping Minecraft server with reason: Wrapper.py Shutting Down
[2016-06-29 15:54:25] [Wrapper.py/ERROR] Disabling plugins...
[2016-06-29 15:55:20] [Wrapper.py/INFO] Wrapper.py started - Version 0.7.6 (stable)
[2016-06-29 15:55:20] [Wrapper.py/INFO] Loading plugins...
[2016-06-29 15:55:20] [Wrapper.py/INFO] Loading plugin SmallBrother.py...
[2016-06-29 15:55:20] [Wrapper.py/INFO] Loading plugin Essentials.py...
[2016-06-29 15:55:20] [Wrapper.py/INFO] Loading plugin bookmarks.py...
[2016-06-29 15:55:20] [Wrapper.py/INFO] Loading plugin WorldEdit.py...
[2016-06-29 15:55:20] [Wrapper.py/INFO] Starting server...
[2016-06-29 15:55:26] [Wrapper.py/INFO] Server started
[2016-06-29 18:13:47] [Wrapper.py/INFO] Server stopped
[2016-06-29 18:13:47] [Wrapper.py/INFO] Starting server...
[2016-06-29 18:13:53] [Wrapper.py/INFO] Server started
[2016-06-29 18:16:43] [Wrapper.py/INFO] Server stopped
[2016-06-29 18:16:43] [Wrapper.py/INFO] Starting server...
[2016-06-29 18:16:52] [Wrapper.py/INFO] Server started
[2016-06-30 15:52:40] [Wrapper.py/INFO] Wrapper.py started - Version 0.7.6 (stable)
[2016-06-30 15:52:40] [Wrapper.py/INFO] Loading plugins...
[2016-06-30 15:52:40] [Wrapper.py/INFO] Loading plugin SmallBrother.py...
[2016-06-30 15:52:40] [Wrapper.py/INFO] Loading plugin Essentials.py...
[2016-06-30 15:52:40] [Wrapper.py/INFO] Loading plugin bookmarks.py...
[2016-06-30 15:52:40] [Wrapper.py/INFO] Loading plugin WorldEdit.py...
[2016-06-30 15:52:40] [Wrapper.py/INFO] Starting server...
[2016-06-30 15:52:47] [Wrapper.py/INFO] Server started
[2016-06-30 17:14:53] [Wrapper.py/INFO] Stopping Minecraft server with reason: Halting server...
[2016-06-30 17:14:53] [Wrapper.py/INFO] Server stopped
[2016-06-30 17:14:53] [Wrapper.py/ERROR] Disabling plugins...
[2016-06-30 17:16:02] [Wrapper.py/INFO] Wrapper.py started - Version 0.7.6 (stable)
[2016-06-30 17:16:02] [Wrapper.py/INFO] Loading plugins...
[2016-06-30 17:16:02] [Wrapper.py/INFO] Loading plugin SmallBrother.py...
[2016-06-30 17:16:02] [Wrapper.py/INFO] Loading plugin Essentials.py...
[2016-06-30 17:16:02] [Wrapper.py/INFO] Loading plugin bookmarks.py...
[2016-06-30 17:16:02] [Wrapper.py/INFO] Loading plugin WorldEdit.py...
[2016-06-30 17:16:02] [Wrapper.py/INFO] Starting server...
[2016-06-30 17:16:07] [Wrapper.py/INFO] Server started
[2016-07-01 18:16:38] [Wrapper.py/INFO] Stopping Minecraft server with reason: Halting server...
[2016-07-01 18:16:38] [Wrapper.py/INFO] Server stopped
[2016-07-01 18:16:38] [Wrapper.py/ERROR] Disabling plugins...
[2016-07-01 18:24:27] [Wrapper.py/INFO] Wrapper.py started - Version 0.7.6 (stable)
[2016-07-01 18:24:27] [Wrapper.py/INFO] Loading plugins...
[2016-07-01 18:24:27] [Wrapper.py/INFO] Loading plugin SmallBrother.py...
[2016-07-01 18:24:27] [Wrapper.py/INFO] Loading plugin Essentials.py...
[2016-07-01 18:24:27] [Wrapper.py/INFO] Loading plugin bookmarks.py...
[2016-07-01 18:24:27] [Wrapper.py/INFO] Loading plugin WorldEdit.py...
[2016-07-01 18:24:27] [Wrapper.py/INFO] Starting server...
[2016-07-01 18:24:33] [Wrapper.py/INFO] Server started
[2016-07-01 18:28:49] [Wrapper.py/INFO] Server stopped
[2016-07-01 18:28:49] [Wrapper.py/INFO] Starting server...
[2016-07-01 18:28:56] [Wrapper.py/INFO] Server started
[2016-07-01 18:33:03] [Wrapper.py/INFO] Server stopped
[2016-07-01 18:33:03] [Wrapper.py/INFO] Starting server...
[2016-07-01 18:33:10] [Wrapper.py/INFO] Server started
[2016-07-10 21:39:35] [Wrapper.py/INFO] Stopping Minecraft server with reason: Stopping server...
[2016-07-10 21:39:35] [Wrapper.py/INFO] Server stopped
[2016-07-10 21:40:05] [Wrapper.py/INFO] Stopping Minecraft server with reason: Wrapper.py Shutting Down
[2016-07-10 21:40:07] [Wrapper.py/ERROR] Disabling plugins...
[2016-07-10 21:40:07] [Wrapper.py/INFO] Stopping Minecraft server with reason: Wrapper.py received shutdown signal - bye
[2016-07-12 09:03:49] [Wrapper.py/INFO] Wrapper.py started - Version 0.7.6 (stable)
[2016-07-12 09:03:49] [Wrapper.py/WARN] NOTE: Server was in 'STOP' state last time Wrapper.py was running. To start the server, run /start.
[2016-07-12 09:03:54] [Wrapper.py/INFO] Loading plugins...
[2016-07-12 09:03:54] [Wrapper.py/INFO] Loading plugin SmallBrother.py...
[2016-07-12 09:03:54] [Wrapper.py/INFO] Loading plugin Essentials.py...
[2016-07-12 09:03:54] [Wrapper.py/INFO] Loading plugin bookmarks.py...
[2016-07-12 09:03:54] [Wrapper.py/INFO] Loading plugin WorldEdit.py...
[2016-07-12 09:03:54] [Wrapper.py/ERROR] Invalid command sart
[2016-07-12 09:03:57] [Wrapper.py/INFO] Starting server...
[2016-07-12 09:04:02] [Wrapper.py/INFO] Server started
